2019-08-18 23:11:52 INFO  CodeChallengeSolution:19 - CodeChallenge Solution Started...
2019-08-18 23:11:52 INFO  CodeChallengeSolution:40 - Sorting items in each Category.
2019-08-18 23:11:52 INFO  CodeChallengeSolution:42 - Sorting items in Category=[CATEGORY1].
2019-08-18 23:11:52 INFO  CodeChallengeSolution:42 - Sorting items in Category=[CATEGORY2].
2019-08-18 23:11:52 INFO  CodeChallengeSolution:42 - Sorting items in Category=[CATEGORY3].
2019-08-18 23:11:52 INFO  CodeChallengeSolution:42 - Sorting items in Category=[CATEGORY4].
2019-08-18 23:11:52 INFO  CodeChallengeSolution:42 - Sorting items in Category=[CATEGORY5].
2019-08-18 23:11:52 INFO  CodeChallengeSolution:42 - Sorting items in Category=[CATEGORY6].
2019-08-18 23:11:52 INFO  CodeChallengeSolution:42 - Sorting items in Category=[CATEGORY7].
2019-08-18 23:11:52 INFO  CodeChallengeSolution:42 - Sorting items in Category=[CATEGORY8].
2019-08-18 23:11:52 INFO  CodeChallengeSolution:42 - Sorting items in Category=[CATEGORY9].
2019-08-18 23:11:52 INFO  CodeChallengeSolution:42 - Sorting items in Category=[CATEGORY10].
2019-08-18 23:11:52 INFO  CodeChallengeSolution:42 - Sorting items in Category=[CATEGORY11].
2019-08-18 23:11:52 INFO  CodeChallengeSolution:42 - Sorting items in Category=[CATEGORY12].
2019-08-18 23:11:52 INFO  CodeChallengeSolution:42 - Sorting items in Category=[CATEGORY13].
2019-08-18 23:11:52 INFO  CodeChallengeSolution:42 - Sorting items in Category=[CATEGORY14].
2019-08-18 23:11:52 INFO  CodeChallengeSolution:42 - Sorting items in Category=[CATEGORY15].
2019-08-18 23:11:52 INFO  CodeChallengeSolution:42 - Sorting items in Category=[CATEGORY16].
2019-08-18 23:11:52 INFO  CodeChallengeSolution:42 - Sorting items in Category=[CATEGORY17].
2019-08-18 23:11:52 INFO  CodeChallengeSolution:42 - Sorting items in Category=[CATEGORY18].
2019-08-18 23:11:52 INFO  CodeChallengeSolution:42 - Sorting items in Category=[CATEGORY19].
2019-08-18 23:11:52 INFO  CodeChallengeSolution:42 - Sorting items in Category=[CATEGORY20].
2019-08-18 23:11:52 INFO  CodeChallengeSolution:28 - Printing initial data.
2019-08-18 23:11:52 INFO  CodeChallengeSolution:30 - ****************************
2019-08-18 23:11:52 INFO  CodeChallengeSolution:31 - Category=[CATEGORY1]. ItemsCount=[10]
2019-08-18 23:11:52 INFO  CodeChallengeSolution:33 - Item=[ITEM8]. Price=[1]. ShippingCost=[5]. Rating=[5]
2019-08-18 23:11:52 INFO  CodeChallengeSolution:33 - Item=[ITEM6]. Price=[4]. ShippingCost=[3]. Rating=[3]
2019-08-18 23:11:52 INFO  CodeChallengeSolution:33 - Item=[ITEM1]. Price=[3]. ShippingCost=[5]. Rating=[5]
2019-08-18 23:11:52 INFO  CodeChallengeSolution:33 - Item=[ITEM7]. Price=[6]. ShippingCost=[2]. Rating=[1]
2019-08-18 23:11:52 INFO  CodeChallengeSolution:33 - Item=[ITEM5]. Price=[10]. ShippingCost=[2]. Rating=[5]
2019-08-18 23:11:52 INFO  CodeChallengeSolution:33 - Item=[ITEM2]. Price=[12]. ShippingCost=[4]. Rating=[3]
2019-08-18 23:11:52 INFO  CodeChallengeSolution:33 - Item=[ITEM10]. Price=[16]. ShippingCost=[2]. Rating=[3]
2019-08-18 23:11:52 INFO  CodeChallengeSolution:33 - Item=[ITEM3]. Price=[14]. ShippingCost=[4]. Rating=[2]
2019-08-18 23:11:52 INFO  CodeChallengeSolution:33 - Item=[ITEM9]. Price=[17]. ShippingCost=[2]. Rating=[1]
2019-08-18 23:11:52 INFO  CodeChallengeSolution:33 - Item=[ITEM4]. Price=[20]. ShippingCost=[3]. Rating=[1]
2019-08-18 23:11:52 INFO  CodeChallengeSolution:35 - ****************************
2019-08-18 23:11:52 INFO  CodeChallengeSolution:30 - ****************************
2019-08-18 23:11:52 INFO  CodeChallengeSolution:31 - Category=[CATEGORY2]. ItemsCount=[10]
2019-08-18 23:11:52 INFO  CodeChallengeSolution:33 - Item=[ITEM4]. Price=[5]. ShippingCost=[4]. Rating=[4]
2019-08-18 23:11:52 INFO  CodeChallengeSolution:33 - Item=[ITEM9]. Price=[6]. ShippingCost=[3]. Rating=[3]
2019-08-18 23:11:52 INFO  CodeChallengeSolution:33 - Item=[ITEM2]. Price=[8]. ShippingCost=[3]. Rating=[5]
2019-08-18 23:11:52 INFO  CodeChallengeSolution:33 - Item=[ITEM1]. Price=[6]. ShippingCost=[5]. Rating=[2]
2019-08-18 23:11:52 INFO  CodeChallengeSolution:33 - Item=[ITEM3]. Price=[12]. ShippingCost=[3]. Rating=[2]
2019-08-18 23:11:52 INFO  CodeChallengeSolution:33 - Item=[ITEM5]. Price=[15]. ShippingCost=[3]. Rating=[2]
2019-08-18 23:11:52 INFO  CodeChallengeSolution:33 - Item=[ITEM7]. Price=[15]. ShippingCost=[3]. Rating=[1]
2019-08-18 23:11:52 INFO  CodeChallengeSolution:33 - Item=[ITEM8]. Price=[17]. ShippingCost=[2]. Rating=[5]
2019-08-18 23:11:52 INFO  CodeChallengeSolution:33 - Item=[ITEM10]. Price=[20]. ShippingCost=[2]. Rating=[5]
2019-08-18 23:11:52 INFO  CodeChallengeSolution:33 - Item=[ITEM6]. Price=[19]. ShippingCost=[3]. Rating=[1]
2019-08-18 23:11:52 INFO  CodeChallengeSolution:35 - ****************************
2019-08-18 23:11:52 INFO  CodeChallengeSolution:30 - ****************************
2019-08-18 23:11:52 INFO  CodeChallengeSolution:31 - Category=[CATEGORY3]. ItemsCount=[10]
2019-08-18 23:11:52 INFO  CodeChallengeSolution:33 - Item=[ITEM3]. Price=[3]. ShippingCost=[2]. Rating=[5]
2019-08-18 23:11:52 INFO  CodeChallengeSolution:33 - Item=[ITEM4]. Price=[9]. ShippingCost=[3]. Rating=[5]
2019-08-18 23:11:52 INFO  CodeChallengeSolution:33 - Item=[ITEM1]. Price=[9]. ShippingCost=[5]. Rating=[4]
2019-08-18 23:11:52 INFO  CodeChallengeSolution:33 - Item=[ITEM5]. Price=[11]. ShippingCost=[4]. Rating=[2]
2019-08-18 23:11:52 INFO  CodeChallengeSolution:33 - Item=[ITEM2]. Price=[14]. ShippingCost=[2]. Rating=[4]
2019-08-18 23:11:52 INFO  CodeChallengeSolution:33 - Item=[ITEM8]. Price=[12]. ShippingCost=[4]. Rating=[2]
2019-08-18 23:11:52 INFO  CodeChallengeSolution:33 - Item=[ITEM6]. Price=[13]. ShippingCost=[4]. Rating=[5]
2019-08-18 23:11:52 INFO  CodeChallengeSolution:33 - Item=[ITEM7]. Price=[17]. ShippingCost=[2]. Rating=[2]
2019-08-18 23:11:52 INFO  CodeChallengeSolution:33 - Item=[ITEM9]. Price=[17]. ShippingCost=[3]. Rating=[4]
2019-08-18 23:11:52 INFO  CodeChallengeSolution:33 - Item=[ITEM10]. Price=[18]. ShippingCost=[5]. Rating=[2]
2019-08-18 23:11:52 INFO  CodeChallengeSolution:35 - ****************************
2019-08-18 23:11:52 INFO  CodeChallengeSolution:30 - ****************************
2019-08-18 23:11:52 INFO  CodeChallengeSolution:31 - Category=[CATEGORY4]. ItemsCount=[10]
2019-08-18 23:11:52 INFO  CodeChallengeSolution:33 - Item=[ITEM10]. Price=[1]. ShippingCost=[4]. Rating=[4]
2019-08-18 23:11:52 INFO  CodeChallengeSolution:33 - Item=[ITEM7]. Price=[4]. ShippingCost=[2]. Rating=[4]
2019-08-18 23:11:52 INFO  CodeChallengeSolution:33 - Item=[ITEM3]. Price=[5]. ShippingCost=[3]. Rating=[4]
2019-08-18 23:11:52 INFO  CodeChallengeSolution:33 - Item=[ITEM5]. Price=[6]. ShippingCost=[4]. Rating=[3]
2019-08-18 23:11:52 INFO  CodeChallengeSolution:33 - Item=[ITEM6]. Price=[9]. ShippingCost=[2]. Rating=[5]
2019-08-18 23:11:52 INFO  CodeChallengeSolution:33 - Item=[ITEM1]. Price=[8]. ShippingCost=[5]. Rating=[4]
2019-08-18 23:11:52 INFO  CodeChallengeSolution:33 - Item=[ITEM4]. Price=[10]. ShippingCost=[4]. Rating=[2]
2019-08-18 23:11:52 INFO  CodeChallengeSolution:33 - Item=[ITEM9]. Price=[13]. ShippingCost=[2]. Rating=[1]
2019-08-18 23:11:52 INFO  CodeChallengeSolution:33 - Item=[ITEM8]. Price=[15]. ShippingCost=[3]. Rating=[1]
2019-08-18 23:11:52 INFO  CodeChallengeSolution:33 - Item=[ITEM2]. Price=[20]. ShippingCost=[4]. Rating=[3]
2019-08-18 23:11:52 INFO  CodeChallengeSolution:35 - ****************************
2019-08-18 23:11:52 INFO  CodeChallengeSolution:30 - ****************************
2019-08-18 23:11:52 INFO  CodeChallengeSolution:31 - Category=[CATEGORY5]. ItemsCount=[10]
2019-08-18 23:11:52 INFO  CodeChallengeSolution:33 - Item=[ITEM6]. Price=[3]. ShippingCost=[5]. Rating=[2]
2019-08-18 23:11:52 INFO  CodeChallengeSolution:33 - Item=[ITEM10]. Price=[7]. ShippingCost=[2]. Rating=[2]
2019-08-18 23:11:52 INFO  CodeChallengeSolution:33 - Item=[ITEM7]. Price=[7]. ShippingCost=[3]. Rating=[5]
2019-08-18 23:11:52 INFO  CodeChallengeSolution:33 - Item=[ITEM2]. Price=[10]. ShippingCost=[2]. Rating=[4]
2019-08-18 23:11:52 INFO  CodeChallengeSolution:33 - Item=[ITEM3]. Price=[10]. ShippingCost=[4]. Rating=[1]
2019-08-18 23:11:52 INFO  CodeChallengeSolution:33 - Item=[ITEM1]. Price=[17]. ShippingCost=[3]. Rating=[5]
2019-08-18 23:11:52 INFO  CodeChallengeSolution:33 - Item=[ITEM5]. Price=[17]. ShippingCost=[4]. Rating=[4]
2019-08-18 23:11:52 INFO  CodeChallengeSolution:33 - Item=[ITEM8]. Price=[18]. ShippingCost=[4]. Rating=[5]
2019-08-18 23:11:52 INFO  CodeChallengeSolution:33 - Item=[ITEM9]. Price=[20]. ShippingCost=[2]. Rating=[5]
2019-08-18 23:11:52 INFO  CodeChallengeSolution:33 - Item=[ITEM4]. Price=[18]. ShippingCost=[5]. Rating=[4]
2019-08-18 23:11:52 INFO  CodeChallengeSolution:35 - ****************************
2019-08-18 23:11:52 INFO  CodeChallengeSolution:30 - ****************************
2019-08-18 23:11:52 INFO  CodeChallengeSolution:31 - Category=[CATEGORY6]. ItemsCount=[10]
2019-08-18 23:11:52 INFO  CodeChallengeSolution:33 - Item=[ITEM3]. Price=[2]. ShippingCost=[2]. Rating=[2]
2019-08-18 23:11:52 INFO  CodeChallengeSolution:33 - Item=[ITEM8]. Price=[3]. ShippingCost=[2]. Rating=[4]
2019-08-18 23:11:52 INFO  CodeChallengeSolution:33 - Item=[ITEM9]. Price=[4]. ShippingCost=[4]. Rating=[3]
2019-08-18 23:11:52 INFO  CodeChallengeSolution:33 - Item=[ITEM4]. Price=[7]. ShippingCost=[3]. Rating=[3]
2019-08-18 23:11:52 INFO  CodeChallengeSolution:33 - Item=[ITEM1]. Price=[7]. ShippingCost=[5]. Rating=[4]
2019-08-18 23:11:52 INFO  CodeChallengeSolution:33 - Item=[ITEM10]. Price=[11]. ShippingCost=[2]. Rating=[4]
2019-08-18 23:11:52 INFO  CodeChallengeSolution:33 - Item=[ITEM7]. Price=[9]. ShippingCost=[5]. Rating=[3]
2019-08-18 23:11:52 INFO  CodeChallengeSolution:33 - Item=[ITEM2]. Price=[13]. ShippingCost=[4]. Rating=[4]
2019-08-18 23:11:52 INFO  CodeChallengeSolution:33 - Item=[ITEM6]. Price=[17]. ShippingCost=[2]. Rating=[2]
2019-08-18 23:11:52 INFO  CodeChallengeSolution:33 - Item=[ITEM5]. Price=[20]. ShippingCost=[4]. Rating=[3]
2019-08-18 23:11:52 INFO  CodeChallengeSolution:35 - ****************************
2019-08-18 23:11:52 INFO  CodeChallengeSolution:30 - ****************************
2019-08-18 23:11:52 INFO  CodeChallengeSolution:31 - Category=[CATEGORY7]. ItemsCount=[10]
2019-08-18 23:11:52 INFO  CodeChallengeSolution:33 - Item=[ITEM6]. Price=[2]. ShippingCost=[2]. Rating=[2]
2019-08-18 23:11:52 INFO  CodeChallengeSolution:33 - Item=[ITEM2]. Price=[5]. ShippingCost=[2]. Rating=[1]
2019-08-18 23:11:52 INFO  CodeChallengeSolution:33 - Item=[ITEM3]. Price=[4]. ShippingCost=[4]. Rating=[1]
2019-08-18 23:11:52 INFO  CodeChallengeSolution:33 - Item=[ITEM10]. Price=[7]. ShippingCost=[2]. Rating=[2]
2019-08-18 23:11:52 INFO  CodeChallengeSolution:33 - Item=[ITEM9]. Price=[6]. ShippingCost=[5]. Rating=[4]
2019-08-18 23:11:52 INFO  CodeChallengeSolution:33 - Item=[ITEM7]. Price=[8]. ShippingCost=[4]. Rating=[1]
2019-08-18 23:11:52 INFO  CodeChallengeSolution:33 - Item=[ITEM1]. Price=[11]. ShippingCost=[3]. Rating=[4]
2019-08-18 23:11:52 INFO  CodeChallengeSolution:33 - Item=[ITEM4]. Price=[11]. ShippingCost=[5]. Rating=[2]
2019-08-18 23:11:52 INFO  CodeChallengeSolution:33 - Item=[ITEM8]. Price=[13]. ShippingCost=[4]. Rating=[4]
2019-08-18 23:11:52 INFO  CodeChallengeSolution:33 - Item=[ITEM5]. Price=[20]. ShippingCost=[5]. Rating=[1]
2019-08-18 23:11:52 INFO  CodeChallengeSolution:35 - ****************************
2019-08-18 23:11:52 INFO  CodeChallengeSolution:30 - ****************************
2019-08-18 23:11:52 INFO  CodeChallengeSolution:31 - Category=[CATEGORY8]. ItemsCount=[10]
2019-08-18 23:11:52 INFO  CodeChallengeSolution:33 - Item=[ITEM9]. Price=[5]. ShippingCost=[3]. Rating=[2]
2019-08-18 23:11:52 INFO  CodeChallengeSolution:33 - Item=[ITEM6]. Price=[6]. ShippingCost=[2]. Rating=[1]
2019-08-18 23:11:52 INFO  CodeChallengeSolution:33 - Item=[ITEM2]. Price=[8]. ShippingCost=[2]. Rating=[1]
2019-08-18 23:11:52 INFO  CodeChallengeSolution:33 - Item=[ITEM8]. Price=[6]. ShippingCost=[4]. Rating=[1]
2019-08-18 23:11:52 INFO  CodeChallengeSolution:33 - Item=[ITEM5]. Price=[10]. ShippingCost=[3]. Rating=[5]
2019-08-18 23:11:52 INFO  CodeChallengeSolution:33 - Item=[ITEM10]. Price=[11]. ShippingCost=[2]. Rating=[5]
2019-08-18 23:11:52 INFO  CodeChallengeSolution:33 - Item=[ITEM3]. Price=[13]. ShippingCost=[2]. Rating=[4]
2019-08-18 23:11:52 INFO  CodeChallengeSolution:33 - Item=[ITEM4]. Price=[10]. ShippingCost=[5]. Rating=[3]
2019-08-18 23:11:52 INFO  CodeChallengeSolution:33 - Item=[ITEM1]. Price=[19]. ShippingCost=[2]. Rating=[2]
2019-08-18 23:11:52 INFO  CodeChallengeSolution:33 - Item=[ITEM7]. Price=[19]. ShippingCost=[3]. Rating=[4]
2019-08-18 23:11:52 INFO  CodeChallengeSolution:35 - ****************************
2019-08-18 23:11:52 INFO  CodeChallengeSolution:30 - ****************************
2019-08-18 23:11:52 INFO  CodeChallengeSolution:31 - Category=[CATEGORY9]. ItemsCount=[10]
2019-08-18 23:11:52 INFO  CodeChallengeSolution:33 - Item=[ITEM4]. Price=[2]. ShippingCost=[3]. Rating=[3]
2019-08-18 23:11:52 INFO  CodeChallengeSolution:33 - Item=[ITEM8]. Price=[8]. ShippingCost=[4]. Rating=[3]
2019-08-18 23:11:52 INFO  CodeChallengeSolution:33 - Item=[ITEM2]. Price=[9]. ShippingCost=[4]. Rating=[3]
2019-08-18 23:11:52 INFO  CodeChallengeSolution:33 - Item=[ITEM7]. Price=[11]. ShippingCost=[2]. Rating=[3]
2019-08-18 23:11:52 INFO  CodeChallengeSolution:33 - Item=[ITEM3]. Price=[11]. ShippingCost=[3]. Rating=[2]
2019-08-18 23:11:52 INFO  CodeChallengeSolution:33 - Item=[ITEM9]. Price=[12]. ShippingCost=[3]. Rating=[2]
2019-08-18 23:11:52 INFO  CodeChallengeSolution:33 - Item=[ITEM10]. Price=[13]. ShippingCost=[5]. Rating=[5]
2019-08-18 23:11:52 INFO  CodeChallengeSolution:33 - Item=[ITEM5]. Price=[17]. ShippingCost=[3]. Rating=[3]
2019-08-18 23:11:52 INFO  CodeChallengeSolution:33 - Item=[ITEM6]. Price=[15]. ShippingCost=[5]. Rating=[3]
2019-08-18 23:11:52 INFO  CodeChallengeSolution:33 - Item=[ITEM1]. Price=[20]. ShippingCost=[3]. Rating=[2]
2019-08-18 23:11:52 INFO  CodeChallengeSolution:35 - ****************************
2019-08-18 23:11:52 INFO  CodeChallengeSolution:30 - ****************************
2019-08-18 23:11:52 INFO  CodeChallengeSolution:31 - Category=[CATEGORY10]. ItemsCount=[10]
2019-08-18 23:11:52 INFO  CodeChallengeSolution:33 - Item=[ITEM9]. Price=[1]. ShippingCost=[2]. Rating=[1]
2019-08-18 23:11:52 INFO  CodeChallengeSolution:33 - Item=[ITEM3]. Price=[1]. ShippingCost=[5]. Rating=[1]
2019-08-18 23:11:52 INFO  CodeChallengeSolution:33 - Item=[ITEM5]. Price=[3]. ShippingCost=[5]. Rating=[5]
2019-08-18 23:11:52 INFO  CodeChallengeSolution:33 - Item=[ITEM4]. Price=[6]. ShippingCost=[2]. Rating=[2]
2019-08-18 23:11:52 INFO  CodeChallengeSolution:33 - Item=[ITEM10]. Price=[11]. ShippingCost=[3]. Rating=[2]
2019-08-18 23:11:52 INFO  CodeChallengeSolution:33 - Item=[ITEM8]. Price=[12]. ShippingCost=[4]. Rating=[4]
2019-08-18 23:11:52 INFO  CodeChallengeSolution:33 - Item=[ITEM7]. Price=[13]. ShippingCost=[4]. Rating=[2]
2019-08-18 23:11:52 INFO  CodeChallengeSolution:33 - Item=[ITEM6]. Price=[17]. ShippingCost=[5]. Rating=[5]
2019-08-18 23:11:52 INFO  CodeChallengeSolution:33 - Item=[ITEM1]. Price=[20]. ShippingCost=[5]. Rating=[4]
2019-08-18 23:11:52 INFO  CodeChallengeSolution:33 - Item=[ITEM2]. Price=[20]. ShippingCost=[5]. Rating=[1]
2019-08-18 23:11:52 INFO  CodeChallengeSolution:35 - ****************************
2019-08-18 23:11:52 INFO  CodeChallengeSolution:30 - ****************************
2019-08-18 23:11:52 INFO  CodeChallengeSolution:31 - Category=[CATEGORY11]. ItemsCount=[10]
2019-08-18 23:11:52 INFO  CodeChallengeSolution:33 - Item=[ITEM1]. Price=[4]. ShippingCost=[2]. Rating=[4]
2019-08-18 23:11:52 INFO  CodeChallengeSolution:33 - Item=[ITEM6]. Price=[6]. ShippingCost=[2]. Rating=[3]
2019-08-18 23:11:52 INFO  CodeChallengeSolution:33 - Item=[ITEM5]. Price=[8]. ShippingCost=[2]. Rating=[2]
2019-08-18 23:11:52 INFO  CodeChallengeSolution:33 - Item=[ITEM2]. Price=[10]. ShippingCost=[4]. Rating=[2]
2019-08-18 23:11:52 INFO  CodeChallengeSolution:33 - Item=[ITEM10]. Price=[10]. ShippingCost=[5]. Rating=[2]
2019-08-18 23:11:52 INFO  CodeChallengeSolution:33 - Item=[ITEM3]. Price=[14]. ShippingCost=[4]. Rating=[5]
2019-08-18 23:11:52 INFO  CodeChallengeSolution:33 - Item=[ITEM9]. Price=[17]. ShippingCost=[2]. Rating=[5]
2019-08-18 23:11:52 INFO  CodeChallengeSolution:33 - Item=[ITEM8]. Price=[15]. ShippingCost=[4]. Rating=[2]
2019-08-18 23:11:52 INFO  CodeChallengeSolution:33 - Item=[ITEM7]. Price=[20]. ShippingCost=[2]. Rating=[4]
2019-08-18 23:11:52 INFO  CodeChallengeSolution:33 - Item=[ITEM4]. Price=[20]. ShippingCost=[2]. Rating=[3]
2019-08-18 23:11:52 INFO  CodeChallengeSolution:35 - ****************************
2019-08-18 23:11:52 INFO  CodeChallengeSolution:30 - ****************************
2019-08-18 23:11:52 INFO  CodeChallengeSolution:31 - Category=[CATEGORY12]. ItemsCount=[10]
2019-08-18 23:11:52 INFO  CodeChallengeSolution:33 - Item=[ITEM2]. Price=[3]. ShippingCost=[2]. Rating=[3]
2019-08-18 23:11:52 INFO  CodeChallengeSolution:33 - Item=[ITEM6]. Price=[7]. ShippingCost=[2]. Rating=[2]
2019-08-18 23:11:52 INFO  CodeChallengeSolution:33 - Item=[ITEM4]. Price=[11]. ShippingCost=[2]. Rating=[3]
2019-08-18 23:11:52 INFO  CodeChallengeSolution:33 - Item=[ITEM8]. Price=[12]. ShippingCost=[2]. Rating=[5]
2019-08-18 23:11:52 INFO  CodeChallengeSolution:33 - Item=[ITEM7]. Price=[14]. ShippingCost=[5]. Rating=[5]
2019-08-18 23:11:52 INFO  CodeChallengeSolution:33 - Item=[ITEM10]. Price=[15]. ShippingCost=[4]. Rating=[5]
2019-08-18 23:11:52 INFO  CodeChallengeSolution:33 - Item=[ITEM1]. Price=[17]. ShippingCost=[5]. Rating=[4]
2019-08-18 23:11:52 INFO  CodeChallengeSolution:33 - Item=[ITEM3]. Price=[19]. ShippingCost=[3]. Rating=[4]
2019-08-18 23:11:52 INFO  CodeChallengeSolution:33 - Item=[ITEM9]. Price=[19]. ShippingCost=[4]. Rating=[1]
2019-08-18 23:11:52 INFO  CodeChallengeSolution:33 - Item=[ITEM5]. Price=[19]. ShippingCost=[5]. Rating=[1]
2019-08-18 23:11:52 INFO  CodeChallengeSolution:35 - ****************************
2019-08-18 23:11:52 INFO  CodeChallengeSolution:30 - ****************************
2019-08-18 23:11:52 INFO  CodeChallengeSolution:31 - Category=[CATEGORY13]. ItemsCount=[10]
2019-08-18 23:11:52 INFO  CodeChallengeSolution:33 - Item=[ITEM7]. Price=[1]. ShippingCost=[5]. Rating=[3]
2019-08-18 23:11:52 INFO  CodeChallengeSolution:33 - Item=[ITEM2]. Price=[4]. ShippingCost=[4]. Rating=[5]
2019-08-18 23:11:52 INFO  CodeChallengeSolution:33 - Item=[ITEM1]. Price=[6]. ShippingCost=[4]. Rating=[5]
2019-08-18 23:11:52 INFO  CodeChallengeSolution:33 - Item=[ITEM4]. Price=[5]. ShippingCost=[5]. Rating=[3]
2019-08-18 23:11:52 INFO  CodeChallengeSolution:33 - Item=[ITEM8]. Price=[7]. ShippingCost=[4]. Rating=[1]
2019-08-18 23:11:52 INFO  CodeChallengeSolution:33 - Item=[ITEM9]. Price=[10]. ShippingCost=[3]. Rating=[2]
2019-08-18 23:11:52 INFO  CodeChallengeSolution:33 - Item=[ITEM6]. Price=[11]. ShippingCost=[4]. Rating=[1]
2019-08-18 23:11:52 INFO  CodeChallengeSolution:33 - Item=[ITEM10]. Price=[13]. ShippingCost=[3]. Rating=[4]
2019-08-18 23:11:52 INFO  CodeChallengeSolution:33 - Item=[ITEM3]. Price=[18]. ShippingCost=[2]. Rating=[3]
2019-08-18 23:11:52 INFO  CodeChallengeSolution:33 - Item=[ITEM5]. Price=[18]. ShippingCost=[2]. Rating=[1]
2019-08-18 23:11:52 INFO  CodeChallengeSolution:35 - ****************************
2019-08-18 23:11:52 INFO  CodeChallengeSolution:30 - ****************************
2019-08-18 23:11:52 INFO  CodeChallengeSolution:31 - Category=[CATEGORY14]. ItemsCount=[10]
2019-08-18 23:11:52 INFO  CodeChallengeSolution:33 - Item=[ITEM2]. Price=[6]. ShippingCost=[4]. Rating=[2]
2019-08-18 23:11:52 INFO  CodeChallengeSolution:33 - Item=[ITEM5]. Price=[7]. ShippingCost=[4]. Rating=[5]
2019-08-18 23:11:52 INFO  CodeChallengeSolution:33 - Item=[ITEM3]. Price=[8]. ShippingCost=[3]. Rating=[2]
2019-08-18 23:11:52 INFO  CodeChallengeSolution:33 - Item=[ITEM7]. Price=[14]. ShippingCost=[3]. Rating=[4]
2019-08-18 23:11:52 INFO  CodeChallengeSolution:33 - Item=[ITEM6]. Price=[15]. ShippingCost=[5]. Rating=[5]
2019-08-18 23:11:52 INFO  CodeChallengeSolution:33 - Item=[ITEM9]. Price=[18]. ShippingCost=[2]. Rating=[3]
2019-08-18 23:11:52 INFO  CodeChallengeSolution:33 - Item=[ITEM4]. Price=[19]. ShippingCost=[2]. Rating=[2]
2019-08-18 23:11:52 INFO  CodeChallengeSolution:33 - Item=[ITEM10]. Price=[19]. ShippingCost=[3]. Rating=[1]
2019-08-18 23:11:52 INFO  CodeChallengeSolution:33 - Item=[ITEM1]. Price=[20]. ShippingCost=[3]. Rating=[3]
2019-08-18 23:11:52 INFO  CodeChallengeSolution:33 - Item=[ITEM8]. Price=[20]. ShippingCost=[4]. Rating=[1]
2019-08-18 23:11:52 INFO  CodeChallengeSolution:35 - ****************************
2019-08-18 23:11:52 INFO  CodeChallengeSolution:30 - ****************************
2019-08-18 23:11:52 INFO  CodeChallengeSolution:31 - Category=[CATEGORY15]. ItemsCount=[10]
2019-08-18 23:11:52 INFO  CodeChallengeSolution:33 - Item=[ITEM8]. Price=[4]. ShippingCost=[3]. Rating=[2]
2019-08-18 23:11:52 INFO  CodeChallengeSolution:33 - Item=[ITEM5]. Price=[5]. ShippingCost=[3]. Rating=[5]
2019-08-18 23:11:52 INFO  CodeChallengeSolution:33 - Item=[ITEM7]. Price=[8]. ShippingCost=[2]. Rating=[2]
2019-08-18 23:11:52 INFO  CodeChallengeSolution:33 - Item=[ITEM3]. Price=[12]. ShippingCost=[2]. Rating=[4]
2019-08-18 23:11:52 INFO  CodeChallengeSolution:33 - Item=[ITEM4]. Price=[10]. ShippingCost=[4]. Rating=[3]
2019-08-18 23:11:52 INFO  CodeChallengeSolution:33 - Item=[ITEM6]. Price=[13]. ShippingCost=[4]. Rating=[3]
2019-08-18 23:11:52 INFO  CodeChallengeSolution:33 - Item=[ITEM1]. Price=[13]. ShippingCost=[5]. Rating=[4]
2019-08-18 23:11:52 INFO  CodeChallengeSolution:33 - Item=[ITEM9]. Price=[16]. ShippingCost=[5]. Rating=[5]
2019-08-18 23:11:52 INFO  CodeChallengeSolution:33 - Item=[ITEM2]. Price=[17]. ShippingCost=[4]. Rating=[4]
2019-08-18 23:11:52 INFO  CodeChallengeSolution:33 - Item=[ITEM10]. Price=[17]. ShippingCost=[4]. Rating=[3]
2019-08-18 23:11:52 INFO  CodeChallengeSolution:35 - ****************************
2019-08-18 23:11:52 INFO  CodeChallengeSolution:30 - ****************************
2019-08-18 23:11:52 INFO  CodeChallengeSolution:31 - Category=[CATEGORY16]. ItemsCount=[10]
2019-08-18 23:11:52 INFO  CodeChallengeSolution:33 - Item=[ITEM1]. Price=[1]. ShippingCost=[3]. Rating=[5]
2019-08-18 23:11:52 INFO  CodeChallengeSolution:33 - Item=[ITEM9]. Price=[3]. ShippingCost=[5]. Rating=[5]
2019-08-18 23:11:52 INFO  CodeChallengeSolution:33 - Item=[ITEM6]. Price=[6]. ShippingCost=[4]. Rating=[4]
2019-08-18 23:11:52 INFO  CodeChallengeSolution:33 - Item=[ITEM8]. Price=[7]. ShippingCost=[3]. Rating=[3]
2019-08-18 23:11:52 INFO  CodeChallengeSolution:33 - Item=[ITEM7]. Price=[8]. ShippingCost=[4]. Rating=[5]
2019-08-18 23:11:52 INFO  CodeChallengeSolution:33 - Item=[ITEM4]. Price=[9]. ShippingCost=[4]. Rating=[3]
2019-08-18 23:11:52 INFO  CodeChallengeSolution:33 - Item=[ITEM3]. Price=[13]. ShippingCost=[4]. Rating=[2]
2019-08-18 23:11:52 INFO  CodeChallengeSolution:33 - Item=[ITEM10]. Price=[16]. ShippingCost=[2]. Rating=[2]
2019-08-18 23:11:52 INFO  CodeChallengeSolution:33 - Item=[ITEM5]. Price=[17]. ShippingCost=[2]. Rating=[4]
2019-08-18 23:11:52 INFO  CodeChallengeSolution:33 - Item=[ITEM2]. Price=[20]. ShippingCost=[3]. Rating=[5]
2019-08-18 23:11:52 INFO  CodeChallengeSolution:35 - ****************************
2019-08-18 23:11:52 INFO  CodeChallengeSolution:30 - ****************************
2019-08-18 23:11:52 INFO  CodeChallengeSolution:31 - Category=[CATEGORY17]. ItemsCount=[10]
2019-08-18 23:11:52 INFO  CodeChallengeSolution:33 - Item=[ITEM7]. Price=[1]. ShippingCost=[5]. Rating=[1]
2019-08-18 23:11:52 INFO  CodeChallengeSolution:33 - Item=[ITEM8]. Price=[6]. ShippingCost=[2]. Rating=[2]
2019-08-18 23:11:52 INFO  CodeChallengeSolution:33 - Item=[ITEM5]. Price=[4]. ShippingCost=[5]. Rating=[4]
2019-08-18 23:11:52 INFO  CodeChallengeSolution:33 - Item=[ITEM10]. Price=[8]. ShippingCost=[2]. Rating=[3]
2019-08-18 23:11:52 INFO  CodeChallengeSolution:33 - Item=[ITEM1]. Price=[6]. ShippingCost=[4]. Rating=[2]
2019-08-18 23:11:52 INFO  CodeChallengeSolution:33 - Item=[ITEM3]. Price=[7]. ShippingCost=[5]. Rating=[4]
2019-08-18 23:11:52 INFO  CodeChallengeSolution:33 - Item=[ITEM4]. Price=[11]. ShippingCost=[3]. Rating=[2]
2019-08-18 23:11:52 INFO  CodeChallengeSolution:33 - Item=[ITEM2]. Price=[10]. ShippingCost=[5]. Rating=[4]
2019-08-18 23:11:52 INFO  CodeChallengeSolution:33 - Item=[ITEM6]. Price=[13]. ShippingCost=[4]. Rating=[3]
2019-08-18 23:11:52 INFO  CodeChallengeSolution:33 - Item=[ITEM9]. Price=[19]. ShippingCost=[4]. Rating=[2]
2019-08-18 23:11:52 INFO  CodeChallengeSolution:35 - ****************************
2019-08-18 23:11:52 INFO  CodeChallengeSolution:30 - ****************************
2019-08-18 23:11:52 INFO  CodeChallengeSolution:31 - Category=[CATEGORY18]. ItemsCount=[10]
2019-08-18 23:11:52 INFO  CodeChallengeSolution:33 - Item=[ITEM9]. Price=[2]. ShippingCost=[4]. Rating=[4]
2019-08-18 23:11:52 INFO  CodeChallengeSolution:33 - Item=[ITEM7]. Price=[4]. ShippingCost=[2]. Rating=[1]
2019-08-18 23:11:52 INFO  CodeChallengeSolution:33 - Item=[ITEM8]. Price=[8]. ShippingCost=[2]. Rating=[1]
2019-08-18 23:11:52 INFO  CodeChallengeSolution:33 - Item=[ITEM3]. Price=[9]. ShippingCost=[3]. Rating=[5]
2019-08-18 23:11:52 INFO  CodeChallengeSolution:33 - Item=[ITEM5]. Price=[10]. ShippingCost=[2]. Rating=[2]
2019-08-18 23:11:52 INFO  CodeChallengeSolution:33 - Item=[ITEM6]. Price=[8]. ShippingCost=[5]. Rating=[1]
2019-08-18 23:11:52 INFO  CodeChallengeSolution:33 - Item=[ITEM1]. Price=[11]. ShippingCost=[3]. Rating=[2]
2019-08-18 23:11:52 INFO  CodeChallengeSolution:33 - Item=[ITEM2]. Price=[12]. ShippingCost=[4]. Rating=[4]
2019-08-18 23:11:52 INFO  CodeChallengeSolution:33 - Item=[ITEM10]. Price=[15]. ShippingCost=[3]. Rating=[2]
2019-08-18 23:11:52 INFO  CodeChallengeSolution:33 - Item=[ITEM4]. Price=[20]. ShippingCost=[3]. Rating=[3]
2019-08-18 23:11:52 INFO  CodeChallengeSolution:35 - ****************************
2019-08-18 23:11:52 INFO  CodeChallengeSolution:30 - ****************************
2019-08-18 23:11:52 INFO  CodeChallengeSolution:31 - Category=[CATEGORY19]. ItemsCount=[10]
2019-08-18 23:11:52 INFO  CodeChallengeSolution:33 - Item=[ITEM4]. Price=[2]. ShippingCost=[2]. Rating=[3]
2019-08-18 23:11:52 INFO  CodeChallengeSolution:33 - Item=[ITEM9]. Price=[2]. ShippingCost=[4]. Rating=[2]
2019-08-18 23:11:52 INFO  CodeChallengeSolution:33 - Item=[ITEM3]. Price=[6]. ShippingCost=[2]. Rating=[1]
2019-08-18 23:11:52 INFO  CodeChallengeSolution:33 - Item=[ITEM2]. Price=[6]. ShippingCost=[3]. Rating=[1]
2019-08-18 23:11:52 INFO  CodeChallengeSolution:33 - Item=[ITEM8]. Price=[9]. ShippingCost=[2]. Rating=[1]
2019-08-18 23:11:52 INFO  CodeChallengeSolution:33 - Item=[ITEM5]. Price=[9]. ShippingCost=[4]. Rating=[4]
2019-08-18 23:11:52 INFO  CodeChallengeSolution:33 - Item=[ITEM1]. Price=[10]. ShippingCost=[5]. Rating=[5]
2019-08-18 23:11:52 INFO  CodeChallengeSolution:33 - Item=[ITEM6]. Price=[16]. ShippingCost=[2]. Rating=[3]
2019-08-18 23:11:52 INFO  CodeChallengeSolution:33 - Item=[ITEM10]. Price=[15]. ShippingCost=[5]. Rating=[2]
2019-08-18 23:11:52 INFO  CodeChallengeSolution:33 - Item=[ITEM7]. Price=[20]. ShippingCost=[2]. Rating=[4]
2019-08-18 23:11:52 INFO  CodeChallengeSolution:35 - ****************************
2019-08-18 23:11:52 INFO  CodeChallengeSolution:30 - ****************************
2019-08-18 23:11:52 INFO  CodeChallengeSolution:31 - Category=[CATEGORY20]. ItemsCount=[10]
2019-08-18 23:11:52 INFO  CodeChallengeSolution:33 - Item=[ITEM7]. Price=[1]. ShippingCost=[2]. Rating=[4]
2019-08-18 23:11:52 INFO  CodeChallengeSolution:33 - Item=[ITEM6]. Price=[2]. ShippingCost=[4]. Rating=[4]
2019-08-18 23:11:52 INFO  CodeChallengeSolution:33 - Item=[ITEM9]. Price=[2]. ShippingCost=[4]. Rating=[3]
2019-08-18 23:11:52 INFO  CodeChallengeSolution:33 - Item=[ITEM5]. Price=[6]. ShippingCost=[2]. Rating=[4]
2019-08-18 23:11:52 INFO  CodeChallengeSolution:33 - Item=[ITEM8]. Price=[8]. ShippingCost=[2]. Rating=[2]
2019-08-18 23:11:52 INFO  CodeChallengeSolution:33 - Item=[ITEM4]. Price=[8]. ShippingCost=[4]. Rating=[4]
2019-08-18 23:11:52 INFO  CodeChallengeSolution:33 - Item=[ITEM3]. Price=[9]. ShippingCost=[3]. Rating=[3]
2019-08-18 23:11:52 INFO  CodeChallengeSolution:33 - Item=[ITEM10]. Price=[9]. ShippingCost=[3]. Rating=[2]
2019-08-18 23:11:52 INFO  CodeChallengeSolution:33 - Item=[ITEM1]. Price=[15]. ShippingCost=[2]. Rating=[3]
2019-08-18 23:11:52 INFO  CodeChallengeSolution:33 - Item=[ITEM2]. Price=[18]. ShippingCost=[4]. Rating=[1]
2019-08-18 23:11:52 INFO  CodeChallengeSolution:35 - ****************************
2019-08-18 23:11:52 INFO  CodeChallengeSolution:48 - Picking items from each category in basket.
2019-08-18 23:11:52 INFO  CodeChallengeSolution:63 - Printing items in selected basket.
2019-08-18 23:11:52 INFO  CodeChallengeSolution:64 - ****************************
2019-08-18 23:11:52 INFO  CodeChallengeSolution:65 - Basket. TotalCost=[49]. TotalRating=[26]
2019-08-18 23:11:52 INFO  CodeChallengeSolution:66 - Basket Items
2019-08-18 23:11:52 INFO  CodeChallengeSolution:68 - [CATEGORY1]:[ITEM8]. Cost=[6]. Rating=[5]
2019-08-18 23:11:52 INFO  CodeChallengeSolution:68 - [CATEGORY2]:[ITEM4]. Cost=[9]. Rating=[4]
2019-08-18 23:11:52 INFO  CodeChallengeSolution:68 - [CATEGORY3]:[ITEM3]. Cost=[5]. Rating=[5]
2019-08-18 23:11:52 INFO  CodeChallengeSolution:68 - [CATEGORY4]:[ITEM10]. Cost=[5]. Rating=[4]
2019-08-18 23:11:52 INFO  CodeChallengeSolution:68 - [CATEGORY5]:[ITEM6]. Cost=[8]. Rating=[2]
2019-08-18 23:11:52 INFO  CodeChallengeSolution:68 - [CATEGORY6]:[ITEM3]. Cost=[4]. Rating=[2]
2019-08-18 23:11:52 INFO  CodeChallengeSolution:68 - [CATEGORY7]:[ITEM6]. Cost=[4]. Rating=[2]
2019-08-18 23:11:52 INFO  CodeChallengeSolution:68 - [CATEGORY8]:[ITEM9]. Cost=[8]. Rating=[2]
